# JRE version: OpenJDK Runtime Environment Temurin-21.0.6+7 (21.0.6+7) (build 21.0.6+7-LTS)
# Java VM: OpenJDK 64-Bit Server VM Temurin-21.0.6+7 (21.0.6+7-LTS, mixed mode, sharing, tiered, compressed oops, compressed class ptrs, parallel gc, windows-amd64)
GC Precious Log:
 CardTable entry size: 512
 CPUs: 12 total, 12 available
 Memory: 7520M
 Large Page Support: Disabled
 NUMA Support: Disabled
 Compressed Oops: Enabled (32-bit)
 Alignments: Space 512K, Generation 512K, Heap 2M
 Heap Min Capacity: 100M
 Heap Initial Capacity: 100M
 Heap Max Capacity: 1G
 Pre-touch: Disabled
 Parallel Workers: 10
Heap:
 PSYoungGen      total 19968K, used 12929K [0x00000000eab00000, 0x00000000ec080000, 0x0000000100000000)
  eden space 18944K, 64% used [0x00000000eab00000,0x00000000eb6d85b0,0x00000000ebd80000)
  from space 1024K, 78% used [0x00000000ebe80000,0x00000000ebf48000,0x00000000ebf80000)
  to   space 1024K, 0% used [0x00000000ebf80000,0x00000000ebf80000,0x00000000ec080000)
 ParOldGen       total 68608K, used 33687K [0x00000000c0000000, 0x00000000c4300000, 0x00000000eab00000)
  object space 68608K, 49% used [0x00000000c0000000,0x00000000c20e5d30,0x00000000c4300000)
 Metaspace       used 42187K, committed 43264K, reserved 1114112K
  class space    used 4216K, committed 4672K, reserved 1048576K
GC Heap History (20 events):
Event: 8.509 GC heap before
{Heap before GC invocations=16 (full 1):
 PSYoungGen      total 23552K, used 23140K [0x00000000eab00000, 0x00000000ec580000, 0x0000000100000000)
  eden space 20992K, 100% used [0x00000000eab00000,0x00000000ebf80000,0x00000000ebf80000)
  from space 2560K, 83% used [0x00000000ec300000,0x00000000ec519000,0x00000000ec580000)
  to   space 2560K, 0% used [0x00000000ebf80000,0x00000000ebf80000,0x00000000ec200000)
 ParOldGen       total 68608K, used 23465K [0x00000000c0000000, 0x00000000c4300000, 0x00000000eab00000)
  object space 68608K, 34% used [0x00000000c0000000,0x00000000c16ea5c8,0x00000000c4300000)
 Metaspace       used 32955K, committed 33984K, reserved 1114112K
  class space    used 3282K, committed 3712K, reserved 1048576K
}
Event: 8.512 GC heap after
{Heap after GC invocations=16 (full 1):
 PSYoungGen      total 23552K, used 2144K [0x00000000eab00000, 0x00000000ec480000, 0x0000000100000000)
  eden space 20992K, 0% used [0x00000000eab00000,0x00000000eab00000,0x00000000ebf80000)
  from space 2560K, 83% used [0x00000000ebf80000,0x00000000ec198010,0x00000000ec200000)
  to   space 2560K, 0% used [0x00000000ec200000,0x00000000ec200000,0x00000000ec480000)
 ParOldGen       total 68608K, used 25527K [0x00000000c0000000, 0x00000000c4300000, 0x00000000eab00000)
  object space 68608K, 37% used [0x00000000c0000000,0x00000000c18edca8,0x00000000c4300000)
 Metaspace       used 32955K, committed 33984K, reserved 1114112K
  class space    used 3282K, committed 3712K, reserved 1048576K
}
Event: 8.569 GC heap before
{Heap before GC invocations=17 (full 1):
 PSYoungGen      total 23552K, used 23136K [0x00000000eab00000, 0x00000000ec480000, 0x0000000100000000)
  eden space 20992K, 100% used [0x00000000eab00000,0x00000000ebf80000,0x00000000ebf80000)
  from space 2560K, 83% used [0x00000000ebf80000,0x00000000ec198010,0x00000000ec200000)
  to   space 2560K, 0% used [0x00000000ec200000,0x00000000ec200000,0x00000000ec480000)
 ParOldGen       total 68608K, used 25527K [0x00000000c0000000, 0x00000000c4300000, 0x00000000eab00000)
  object space 68608K, 37% used [0x00000000c0000000,0x00000000c18edca8,0x00000000c4300000)
 Metaspace       used 33035K, committed 34048K, reserved 1114112K
  class space    used 3282K, committed 3712K, reserved 1048576K
}
Event: 8.573 GC heap after
{Heap after GC invocations=17 (full 1):
 PSYoungGen      total 23552K, used 2104K [0x00000000eab00000, 0x00000000ec480000, 0x0000000100000000)
  eden space 20992K, 0% used [0x00000000eab00000,0x00000000eab00000,0x00000000ebf80000)
  from space 2560K, 82% used [0x00000000ec200000,0x00000000ec40e200,0x00000000ec480000)
  to   space 2560K, 0% used [0x00000000ebf80000,0x00000000ebf80000,0x00000000ec200000)
 ParOldGen       total 68608K, used 27575K [0x00000000c0000000, 0x00000000c4300000, 0x00000000eab00000)
  object space 68608K, 40% used [0x00000000c0000000,0x00000000c1aedcb8,0x00000000c4300000)
 Metaspace       used 33035K, committed 34048K, reserved 1114112K
  class space    used 3282K, committed 3712K, reserved 1048576K
}
Event: 8.668 GC heap before
{Heap before GC invocations=18 (full 1):
 PSYoungGen      total 23552K, used 22806K [0x00000000eab00000, 0x00000000ec480000, 0x0000000100000000)
  eden space 20992K, 98% used [0x00000000eab00000,0x00000000ebf37898,0x00000000ebf80000)
  from space 2560K, 82% used [0x00000000ec200000,0x00000000ec40e200,0x00000000ec480000)
  to   space 2560K, 0% used [0x00000000ebf80000,0x00000000ebf80000,0x00000000ec200000)
 ParOldGen       total 68608K, used 27575K [0x00000000c0000000, 0x00000000c4300000, 0x00000000eab00000)
  object space 68608K, 40% used [0x00000000c0000000,0x00000000c1aedcb8,0x00000000c4300000)
 Metaspace       used 33580K, committed 34560K, reserved 1114112K
  class space    used 3324K, committed 3776K, reserved 1048576K
}
Event: 8.672 GC heap after
{Heap after GC invocations=18 (full 1):
 PSYoungGen      total 23552K, used 2191K [0x00000000eab00000, 0x00000000ec480000, 0x0000000100000000)
  eden space 20992K, 0% used [0x00000000eab00000,0x00000000eab00000,0x00000000ebf80000)
  from space 2560K, 85% used [0x00000000ebf80000,0x00000000ec1a3f30,0x00000000ec200000)
  to   space 2560K, 0% used [0x00000000ec200000,0x00000000ec200000,0x00000000ec480000)
 ParOldGen       total 68608K, used 29559K [0x00000000c0000000, 0x00000000c4300000, 0x00000000eab00000)
  object space 68608K, 43% used [0x00000000c0000000,0x00000000c1cddeb8,0x00000000c4300000)
 Metaspace       used 33580K, committed 34560K, reserved 1114112K
  class space    used 3324K, committed 3776K, reserved 1048576K
}
Event: 8.775 GC heap before
{Heap before GC invocations=19 (full 1):
 PSYoungGen      total 23552K, used 17051K [0x00000000eab00000, 0x00000000ec480000, 0x0000000100000000)
  eden space 20992K, 70% used [0x00000000eab00000,0x00000000eb982f78,0x00000000ebf80000)
  from space 2560K, 85% used [0x00000000ebf80000,0x00000000ec1a3f30,0x00000000ec200000)
  to   space 2560K, 0% used [0x00000000ec200000,0x00000000ec200000,0x00000000ec480000)
 ParOldGen       total 68608K, used 29559K [0x00000000c0000000, 0x00000000c4300000, 0x00000000eab00000)
  object space 68608K, 43% used [0x00000000c0000000,0x00000000c1cddeb8,0x00000000c4300000)
 Metaspace       used 34835K, committed 35840K, reserved 1114112K
  class space    used 3477K, committed 3904K, reserved 1048576K
}
Event: 8.778 GC heap after
{Heap after GC invocations=19 (full 1):
 PSYoungGen      total 21504K, used 2552K [0x00000000eab00000, 0x00000000ec880000, 0x0000000100000000)
  eden space 18944K, 0% used [0x00000000eab00000,0x00000000eab00000,0x00000000ebd80000)
  from space 2560K, 99% used [0x00000000ec200000,0x00000000ec47e050,0x00000000ec480000)
  to   space 4608K, 0% used [0x00000000ebd80000,0x00000000ebd80000,0x00000000ec200000)
 ParOldGen       total 68608K, used 31241K [0x00000000c0000000, 0x00000000c4300000, 0x00000000eab00000)
  object space 68608K, 45% used [0x00000000c0000000,0x00000000c1e82490,0x00000000c4300000)
 Metaspace       used 34835K, committed 35840K, reserved 1114112K
  class space    used 3477K, committed 3904K, reserved 1048576K
}
Event: 8.778 GC heap before
{Heap before GC invocations=20 (full 2):
 PSYoungGen      total 21504K, used 2552K [0x00000000eab00000, 0x00000000ec880000, 0x0000000100000000)
  eden space 18944K, 0% used [0x00000000eab00000,0x00000000eab00000,0x00000000ebd80000)
  from space 2560K, 99% used [0x00000000ec200000,0x00000000ec47e050,0x00000000ec480000)
  to   space 4608K, 0% used [0x00000000ebd80000,0x00000000ebd80000,0x00000000ec200000)
 ParOldGen       total 68608K, used 31241K [0x00000000c0000000, 0x00000000c4300000, 0x00000000eab00000)
  object space 68608K, 45% used [0x00000000c0000000,0x00000000c1e82490,0x00000000c4300000)
 Metaspace       used 34835K, committed 35840K, reserved 1114112K
  class space    used 3477K, committed 3904K, reserved 1048576K
}
Event: 8.830 GC heap after
{Heap after GC invocations=20 (full 2):
 PSYoungGen      total 21504K, used 0K [0x00000000eab00000, 0x00000000ec880000, 0x0000000100000000)
  eden space 18944K, 0% used [0x00000000eab00000,0x00000000eab00000,0x00000000ebd80000)
  from space 2560K, 0% used [0x00000000ec200000,0x00000000ec200000,0x00000000ec480000)
  to   space 4608K, 0% used [0x00000000ebd80000,0x00000000ebd80000,0x00000000ec200000)
 ParOldGen       total 68608K, used 31411K [0x00000000c0000000, 0x00000000c4300000, 0x00000000eab00000)
  object space 68608K, 45% used [0x00000000c0000000,0x00000000c1eacd00,0x00000000c4300000)
 Metaspace       used 34627K, committed 35840K, reserved 1114112K
  class space    used 3419K, committed 3904K, reserved 1048576K
}
Event: 9.121 GC heap before
{Heap before GC invocations=21 (full 2):
 PSYoungGen      total 21504K, used 18885K [0x00000000eab00000, 0x00000000ec880000, 0x0000000100000000)
  eden space 18944K, 99% used [0x00000000eab00000,0x00000000ebd71528,0x00000000ebd80000)
  from space 2560K, 0% used [0x00000000ec200000,0x00000000ec200000,0x00000000ec480000)
  to   space 4608K, 0% used [0x00000000ebd80000,0x00000000ebd80000,0x00000000ec200000)
 ParOldGen       total 68608K, used 31411K [0x00000000c0000000, 0x00000000c4300000, 0x00000000eab00000)
  object space 68608K, 45% used [0x00000000c0000000,0x00000000c1eacd00,0x00000000c4300000)
 Metaspace       used 36023K, committed 36928K, reserved 1114112K
  class space    used 3582K, committed 3968K, reserved 1048576K
}
Event: 9.122 GC heap after
{Heap after GC invocations=21 (full 2):
 PSYoungGen      total 19968K, used 948K [0x00000000eab00000, 0x00000000ec280000, 0x0000000100000000)
  eden space 18944K, 0% used [0x00000000eab00000,0x00000000eab00000,0x00000000ebd80000)
  from space 1024K, 92% used [0x00000000ebd80000,0x00000000ebe6d3c8,0x00000000ebe80000)
  to   space 2560K, 0% used [0x00000000ec000000,0x00000000ec000000,0x00000000ec280000)
 ParOldGen       total 68608K, used 31419K [0x00000000c0000000, 0x00000000c4300000, 0x00000000eab00000)
  object space 68608K, 45% used [0x00000000c0000000,0x00000000c1eaed00,0x00000000c4300000)
 Metaspace       used 36023K, committed 36928K, reserved 1114112K
  class space    used 3582K, committed 3968K, reserved 1048576K
}
Event: 9.429 GC heap before
{Heap before GC invocations=22 (full 2):
 PSYoungGen      total 19968K, used 19892K [0x00000000eab00000, 0x00000000ec280000, 0x0000000100000000)
  eden space 18944K, 100% used [0x00000000eab00000,0x00000000ebd80000,0x00000000ebd80000)
  from space 1024K, 92% used [0x00000000ebd80000,0x00000000ebe6d3c8,0x00000000ebe80000)
  to   space 2560K, 0% used [0x00000000ec000000,0x00000000ec000000,0x00000000ec280000)
 ParOldGen       total 68608K, used 31419K [0x00000000c0000000, 0x00000000c4300000, 0x00000000eab00000)
  object space 68608K, 45% used [0x00000000c0000000,0x00000000c1eaed00,0x00000000c4300000)
 Metaspace       used 37356K, committed 38272K, reserved 1114112K
  class space    used 3699K, committed 4096K, reserved 1048576K
}
Event: 9.430 GC heap after
{Heap after GC invocations=22 (full 2):
 PSYoungGen      total 19456K, used 448K [0x00000000eab00000, 0x00000000ec080000, 0x0000000100000000)
  eden space 18944K, 0% used [0x00000000eab00000,0x00000000eab00000,0x00000000ebd80000)
  from space 512K, 87% used [0x00000000ec000000,0x00000000ec070000,0x00000000ec080000)
  to   space 1024K, 0% used [0x00000000ebe80000,0x00000000ebe80000,0x00000000ebf80000)
 ParOldGen       total 68608K, used 32253K [0x00000000c0000000, 0x00000000c4300000, 0x00000000eab00000)
  object space 68608K, 47% used [0x00000000c0000000,0x00000000c1f7f4c0,0x00000000c4300000)
 Metaspace       used 37356K, committed 38272K, reserved 1114112K
  class space    used 3699K, committed 4096K, reserved 1048576K
}
Event: 9.502 GC heap before
{Heap before GC invocations=23 (full 2):
 PSYoungGen      total 19456K, used 19392K [0x00000000eab00000, 0x00000000ec080000, 0x0000000100000000)
  eden space 18944K, 100% used [0x00000000eab00000,0x00000000ebd80000,0x00000000ebd80000)
  from space 512K, 87% used [0x00000000ec000000,0x00000000ec070000,0x00000000ec080000)
  to   space 1024K, 0% used [0x00000000ebe80000,0x00000000ebe80000,0x00000000ebf80000)
 ParOldGen       total 68608K, used 32253K [0x00000000c0000000, 0x00000000c4300000, 0x00000000eab00000)
  object space 68608K, 47% used [0x00000000c0000000,0x00000000c1f7f4c0,0x00000000c4300000)
 Metaspace       used 37833K, committed 38848K, reserved 1114112K
  class space    used 3747K, committed 4224K, reserved 1048576K
}
Event: 9.504 GC heap after
{Heap after GC invocations=23 (full 2):
 PSYoungGen      total 19968K, used 1020K [0x00000000eab00000, 0x00000000ec280000, 0x0000000100000000)
  eden space 18944K, 0% used [0x00000000eab00000,0x00000000eab00000,0x00000000ebd80000)
  from space 1024K, 99% used [0x00000000ebe80000,0x00000000ebf7f048,0x00000000ebf80000)
  to   space 2560K, 0% used [0x00000000ec000000,0x00000000ec000000,0x00000000ec280000)
 ParOldGen       total 68608K, used 33351K [0x00000000c0000000, 0x00000000c4300000, 0x00000000eab00000)
  object space 68608K, 48% used [0x00000000c0000000,0x00000000c2091d30,0x00000000c4300000)
 Metaspace       used 37833K, committed 38848K, reserved 1114112K
  class space    used 3747K, committed 4224K, reserved 1048576K
}
Event: 9.563 GC heap before
{Heap before GC invocations=24 (full 2):
 PSYoungGen      total 19968K, used 19964K [0x00000000eab00000, 0x00000000ec280000, 0x0000000100000000)
  eden space 18944K, 100% used [0x00000000eab00000,0x00000000ebd80000,0x00000000ebd80000)
  from space 1024K, 99% used [0x00000000ebe80000,0x00000000ebf7f048,0x00000000ebf80000)
  to   space 2560K, 0% used [0x00000000ec000000,0x00000000ec000000,0x00000000ec280000)
 ParOldGen       total 68608K, used 33351K [0x00000000c0000000, 0x00000000c4300000, 0x00000000eab00000)
  object space 68608K, 48% used [0x00000000c0000000,0x00000000c2091d30,0x00000000c4300000)
 Metaspace       used 38160K, committed 39168K, reserved 1114112K
  class space    used 3770K, committed 4224K, reserved 1048576K
}
Event: 9.565 GC heap after
{Heap after GC invocations=24 (full 2):
 PSYoungGen      total 19456K, used 224K [0x00000000eab00000, 0x00000000ec080000, 0x0000000100000000)
  eden space 18944K, 0% used [0x00000000eab00000,0x00000000eab00000,0x00000000ebd80000)
  from space 512K, 43% used [0x00000000ec000000,0x00000000ec038000,0x00000000ec080000)
  to   space 1024K, 0% used [0x00000000ebe80000,0x00000000ebe80000,0x00000000ebf80000)
 ParOldGen       total 68608K, used 33631K [0x00000000c0000000, 0x00000000c4300000, 0x00000000eab00000)
  object space 68608K, 49% used [0x00000000c0000000,0x00000000c20d7d30,0x00000000c4300000)
 Metaspace       used 38160K, committed 39168K, reserved 1114112K
  class space    used 3770K, committed 4224K, reserved 1048576K
}
Event: 9.752 GC heap before
{Heap before GC invocations=25 (full 2):
 PSYoungGen      total 19456K, used 19168K [0x00000000eab00000, 0x00000000ec080000, 0x0000000100000000)
  eden space 18944K, 100% used [0x00000000eab00000,0x00000000ebd80000,0x00000000ebd80000)
  from space 512K, 43% used [0x00000000ec000000,0x00000000ec038000,0x00000000ec080000)
  to   space 1024K, 0% used [0x00000000ebe80000,0x00000000ebe80000,0x00000000ebf80000)
 ParOldGen       total 68608K, used 33631K [0x00000000c0000000, 0x00000000c4300000, 0x00000000eab00000)
  object space 68608K, 49% used [0x00000000c0000000,0x00000000c20d7d30,0x00000000c4300000)
 Metaspace       used 40675K, committed 41728K, reserved 1114112K
  class space    used 4021K, committed 4480K, reserved 1048576K
}
Event: 9.754 GC heap after
{Heap after GC invocations=25 (full 2):
 PSYoungGen      total 19968K, used 800K [0x00000000eab00000, 0x00000000ec080000, 0x0000000100000000)
  eden space 18944K, 0% used [0x00000000eab00000,0x00000000eab00000,0x00000000ebd80000)
  from space 1024K, 78% used [0x00000000ebe80000,0x00000000ebf48000,0x00000000ebf80000)
  to   space 1024K, 0% used [0x00000000ebf80000,0x00000000ebf80000,0x00000000ec080000)
 ParOldGen       total 68608K, used 33687K [0x00000000c0000000, 0x00000000c4300000, 0x00000000eab00000)
  object space 68608K, 49% used [0x00000000c0000000,0x00000000c20e5d30,0x00000000c4300000)
 Metaspace       used 40675K, committed 41728K, reserved 1114112K
  class space    used 4021K, committed 4480K, reserved 1048576K
}

